<?xml version="1.0" encoding="UTF-8"?>
<!-- Generated by org.testng.reporters.JUnitReportReporter -->
<testsuite skipped="0" hostname="Conquest" name="testcases.LoginPageTest" tests="1" failures="0" timestamp="02 May 2019 17:45:10 GMT" time="44.638" errors="0">
  <testcase name="loginTest" time="44.638" classname="testcases.LoginPageTest"/>
</testsuite> <!-- testcases.LoginPageTest -->
