<?xml version="1.0" encoding="UTF-8"?>
<!-- Generated by org.testng.reporters.JUnitReportReporter -->
<testsuite hostname="CPU-1182" name="testcases.LoginPageTest" tests="1" failures="0" timestamp="14 Mar 2019 13:50:35 GMT" time="16.665" errors="0">
  <testcase name="loginTest" time="16.665" classname="testcases.LoginPageTest"/>
</testsuite> <!-- testcases.LoginPageTest -->
